<?xml version="1.0" encoding="UTF-8"?>
<testng-results ignored="0" total="1" passed="1" failed="0" skipped="0">
  <reporter-output>
  </reporter-output>
  <suite started-at="2024-04-23T23:34:14 EDT" name="Default suite" finished-at="2024-04-23T23:34:30 EDT" duration-ms="16186">
    <groups>
    </groups>
    <test started-at="2024-04-23T23:34:14 EDT" name="Default test" finished-at="2024-04-23T23:34:30 EDT" duration-ms="16186">
      <class name="Testcases.SignUpTest">
        <test-method is-config="true" signature="Setup()[pri:0, instance:Testcases.SignUpTest@30f842ca]" started-at="2024-04-23T23:34:14 EDT" name="Setup" finished-at="2024-04-23T23:34:21 EDT" duration-ms="7494" status="PASS">
          <reporter-output>
          </reporter-output>
        </test-method> <!-- Setup -->
        <test-method signature="signUptest()[pri:0, instance:Testcases.SignUpTest@30f842ca]" started-at="2024-04-23T23:34:21 EDT" name="signUptest" finished-at="2024-04-23T23:34:29 EDT" duration-ms="7924" status="PASS">
          <reporter-output>
          </reporter-output>
        </test-method> <!-- signUptest -->
        <test-method is-config="true" signature="tearDown()[pri:0, instance:Testcases.SignUpTest@30f842ca]" started-at="2024-04-23T23:34:30 EDT" name="tearDown" finished-at="2024-04-23T23:34:30 EDT" duration-ms="1" status="PASS">
          <reporter-output>
          </reporter-output>
        </test-method> <!-- tearDown -->
      </class> <!-- Testcases.SignUpTest -->
    </test> <!-- Default test -->
  </suite> <!-- Default suite -->
</testng-results>
